# JRE version: Java(TM) SE Runtime Environment (8.0_121-b13) (build 1.8.0_121-b13)
# Java VM: Java HotSpot(TM) 64-Bit Server VM (25.121-b13 mixed mode windows-amd64 compressed oops)
Heap:
 PSYoungGen      total 55808K, used 50355K [0x00000000eab00000, 0x00000000eed00000, 0x0000000100000000)
  eden space 46080K, 100% used [0x00000000eab00000,0x00000000ed800000,0x00000000ed800000)
  from space 9728K, 43% used [0x00000000ee380000,0x00000000ee7ace00,0x00000000eed00000)
  to   space 10752K, 28% used [0x00000000ed800000,0x00000000edb00010,0x00000000ee280000)
 ParOldGen       total 66560K, used 9309K [0x00000000c0000000, 0x00000000c4100000, 0x00000000eab00000)
  object space 66560K, 13% used [0x00000000c0000000,0x00000000c0917768,0x00000000c4100000)
 Metaspace       used 27615K, capacity 28074K, committed 28288K, reserved 1073152K
  class space    used 3751K, capacity 3873K, committed 3968K, reserved 1048576K
GC Heap History (10 events):
Event: 6.484 GC heap after
Heap after GC invocations=3 (full 0):
 PSYoungGen      total 38400K, used 5104K [0x00000000eab00000, 0x00000000ed580000, 0x0000000100000000)
  eden space 33280K, 0% used [0x00000000eab00000,0x00000000eab00000,0x00000000ecb80000)
  from space 5120K, 99% used [0x00000000ecb80000,0x00000000ed07c010,0x00000000ed080000)
  to   space 5120K, 0% used [0x00000000ed080000,0x00000000ed080000,0x00000000ed580000)
 ParOldGen       total 87552K, used 6155K [0x00000000c0000000, 0x00000000c5580000, 0x00000000eab00000)
  object space 87552K, 7% used [0x00000000c0000000,0x00000000c0602c58,0x00000000c5580000)
 Metaspace       used 19078K, capacity 19384K, committed 19584K, reserved 1067008K
  class space    used 2519K, capacity 2649K, committed 2688K, reserved 1048576K
}
Event: 7.861 GC heap before
{Heap before GC invocations=4 (full 0):
 PSYoungGen      total 38400K, used 28707K [0x00000000eab00000, 0x00000000ed580000, 0x0000000100000000)
  eden space 33280K, 70% used [0x00000000eab00000,0x00000000ec20cec8,0x00000000ecb80000)
  from space 5120K, 99% used [0x00000000ecb80000,0x00000000ed07c010,0x00000000ed080000)
  to   space 5120K, 0% used [0x00000000ed080000,0x00000000ed080000,0x00000000ed580000)
 ParOldGen       total 87552K, used 6155K [0x00000000c0000000, 0x00000000c5580000, 0x00000000eab00000)
  object space 87552K, 7% used [0x00000000c0000000,0x00000000c0602c58,0x00000000c5580000)
 Metaspace       used 20887K, capacity 21234K, committed 21296K, reserved 1067008K
  class space    used 2823K, capacity 2943K, committed 2944K, reserved 1048576K
Event: 7.928 GC heap after
Heap after GC invocations=4 (full 0):
 PSYoungGen      total 38400K, used 5088K [0x00000000eab00000, 0x00000000ef600000, 0x0000000100000000)
  eden space 33280K, 0% used [0x00000000eab00000,0x00000000eab00000,0x00000000ecb80000)
  from space 5120K, 99% used [0x00000000ed080000,0x00000000ed578020,0x00000000ed580000)
  to   space 5120K, 0% used [0x00000000ecb80000,0x00000000ecb80000,0x00000000ed080000)
 ParOldGen       total 87552K, used 9238K [0x00000000c0000000, 0x00000000c5580000, 0x00000000eab00000)
  object space 87552K, 10% used [0x00000000c0000000,0x00000000c0905948,0x00000000c5580000)
 Metaspace       used 20887K, capacity 21234K, committed 21296K, reserved 1067008K
  class space    used 2823K, capacity 2943K, committed 2944K, reserved 1048576K
}
Event: 7.928 GC heap before
{Heap before GC invocations=5 (full 1):
 PSYoungGen      total 38400K, used 5088K [0x00000000eab00000, 0x00000000ef600000, 0x0000000100000000)
  eden space 33280K, 0% used [0x00000000eab00000,0x00000000eab00000,0x00000000ecb80000)
  from space 5120K, 99% used [0x00000000ed080000,0x00000000ed578020,0x00000000ed580000)
  to   space 5120K, 0% used [0x00000000ecb80000,0x00000000ecb80000,0x00000000ed080000)
 ParOldGen       total 87552K, used 9238K [0x00000000c0000000, 0x00000000c5580000, 0x00000000eab00000)
  object space 87552K, 10% used [0x00000000c0000000,0x00000000c0905948,0x00000000c5580000)
 Metaspace       used 20887K, capacity 21234K, committed 21296K, reserved 1067008K
  class space    used 2823K, capacity 2943K, committed 2944K, reserved 1048576K
Event: 8.083 GC heap after
Heap after GC invocations=5 (full 1):
 PSYoungGen      total 38400K, used 0K [0x00000000eab00000, 0x00000000ef600000, 0x0000000100000000)
  eden space 33280K, 0% used [0x00000000eab00000,0x00000000eab00000,0x00000000ecb80000)
  from space 5120K, 0% used [0x00000000ed080000,0x00000000ed080000,0x00000000ed580000)
  to   space 5120K, 0% used [0x00000000ecb80000,0x00000000ecb80000,0x00000000ed080000)
 ParOldGen       total 66560K, used 9229K [0x00000000c0000000, 0x00000000c4100000, 0x00000000eab00000)
  object space 66560K, 13% used [0x00000000c0000000,0x00000000c0903758,0x00000000c4100000)
 Metaspace       used 20887K, capacity 21234K, committed 21296K, reserved 1067008K
  class space    used 2823K, capacity 2943K, committed 2944K, reserved 1048576K
}
Event: 9.190 GC heap before
{Heap before GC invocations=6 (full 1):
 PSYoungGen      total 38400K, used 33280K [0x00000000eab00000, 0x00000000ef600000, 0x0000000100000000)
  eden space 33280K, 100% used [0x00000000eab00000,0x00000000ecb80000,0x00000000ecb80000)
  from space 5120K, 0% used [0x00000000ed080000,0x00000000ed080000,0x00000000ed580000)
  to   space 5120K, 0% used [0x00000000ecb80000,0x00000000ecb80000,0x00000000ed080000)
 ParOldGen       total 66560K, used 9229K [0x00000000c0000000, 0x00000000c4100000, 0x00000000eab00000)
  object space 66560K, 13% used [0x00000000c0000000,0x00000000c0903758,0x00000000c4100000)
 Metaspace       used 23278K, capacity 23732K, committed 23936K, reserved 1069056K
  class space    used 3233K, capacity 3346K, committed 3456K, reserved 1048576K
Event: 9.197 GC heap after
Heap after GC invocations=6 (full 1):
 PSYoungGen      total 38400K, used 3729K [0x00000000eab00000, 0x00000000eee00000, 0x0000000100000000)
  eden space 33280K, 0% used [0x00000000eab00000,0x00000000eab00000,0x00000000ecb80000)
  from space 5120K, 72% used [0x00000000ecb80000,0x00000000ecf247a0,0x00000000ed080000)
  to   space 10752K, 0% used [0x00000000ee380000,0x00000000ee380000,0x00000000eee00000)
 ParOldGen       total 66560K, used 9229K [0x00000000c0000000, 0x00000000c4100000, 0x00000000eab00000)
  object space 66560K, 13% used [0x00000000c0000000,0x00000000c0903758,0x00000000c4100000)
 Metaspace       used 23278K, capacity 23732K, committed 23936K, reserved 1069056K
  class space    used 3233K, capacity 3346K, committed 3456K, reserved 1048576K
}
Event: 10.226 GC heap before
{Heap before GC invocations=7 (full 1):
 PSYoungGen      total 38400K, used 37009K [0x00000000eab00000, 0x00000000eee00000, 0x0000000100000000)
  eden space 33280K, 100% used [0x00000000eab00000,0x00000000ecb80000,0x00000000ecb80000)
  from space 5120K, 72% used [0x00000000ecb80000,0x00000000ecf247a0,0x00000000ed080000)
  to   space 10752K, 0% used [0x00000000ee380000,0x00000000ee380000,0x00000000eee00000)
 ParOldGen       total 66560K, used 9229K [0x00000000c0000000, 0x00000000c4100000, 0x00000000eab00000)
  object space 66560K, 13% used [0x00000000c0000000,0x00000000c0903758,0x00000000c4100000)
 Metaspace       used 26671K, capacity 27142K, committed 27392K, reserved 1073152K
  class space    used 3651K, capacity 3797K, committed 3840K, reserved 1048576K
Event: 10.236 GC heap after
Heap after GC invocations=7 (full 1):
 PSYoungGen      total 55808K, used 4275K [0x00000000eab00000, 0x00000000eed00000, 0x0000000100000000)
  eden space 46080K, 0% used [0x00000000eab00000,0x00000000eab00000,0x00000000ed800000)
  from space 9728K, 43% used [0x00000000ee380000,0x00000000ee7ace00,0x00000000eed00000)
  to   space 10752K, 0% used [0x00000000ed800000,0x00000000ed800000,0x00000000ee280000)
 ParOldGen       total 66560K, used 9301K [0x00000000c0000000, 0x00000000c4100000, 0x00000000eab00000)
  object space 66560K, 13% used [0x00000000c0000000,0x00000000c0915768,0x00000000c4100000)
 Metaspace       used 26671K, capacity 27142K, committed 27392K, reserved 1073152K
  class space    used 3651K, capacity 3797K, committed 3840K, reserved 1048576K
}
Event: 11.935 GC heap before
{Heap before GC invocations=8 (full 1):
 PSYoungGen      total 55808K, used 50355K [0x00000000eab00000, 0x00000000eed00000, 0x0000000100000000)
  eden space 46080K, 100% used [0x00000000eab00000,0x00000000ed800000,0x00000000ed800000)
  from space 9728K, 43% used [0x00000000ee380000,0x00000000ee7ace00,0x00000000eed00000)
  to   space 10752K, 0% used [0x00000000ed800000,0x00000000ed800000,0x00000000ee280000)
 ParOldGen       total 66560K, used 9301K [0x00000000c0000000, 0x00000000c4100000, 0x00000000eab00000)
  object space 66560K, 13% used [0x00000000c0000000,0x00000000c0915768,0x00000000c4100000)
 Metaspace       used 27615K, capacity 28074K, committed 28288K, reserved 1073152K
  class space    used 3751K, capacity 3873K, committed 3968K, reserved 1048576K

